INFO:werkzeug:[31m[1mWARNING: This is a development server. Do not use it in a production deployment. Use a production WSGI server instead.[0m
 * Running on all addresses (0.0.0.0)
 * Running on http://127.0.0.1:5000
 * Running on http://192.168.1.6:5000
INFO:werkzeug:[33mPress CTRL+C to quit[0m
INFO:werkzeug:[31m[1mWARNING: This is a development server. Do not use it in a production deployment. Use a production WSGI server instead.[0m
 * Running on all addresses (0.0.0.0)
 * Running on http://127.0.0.1:5000
 * Running on http://192.168.1.6:5000
INFO:werkzeug:[33mPress CTRL+C to quit[0m
INFO:werkzeug:[31m[1mWARNING: This is a development server. Do not use it in a production deployment. Use a production WSGI server instead.[0m
 * Running on all addresses (0.0.0.0)
 * Running on http://127.0.0.1:5000
 * Running on http://192.168.1.6:5000
INFO:werkzeug:[33mPress CTRL+C to quit[0m
2026-04-17 - pgr_simples.html
Traceback (most recent call last):
  File "C:\Users\DESKTOP\sstpgr\main.py", line 4889, in gerar_pgr_pdf_empresa
    html = render_template('pgr_simples.html',
                           empresa=empresa,
    ...<7 lines>...
                           bar_chart=bar_b64,
                           psicossociais=dados_psi)
  File "C:\Users\DESKTOP\sstpgr\.venv\Lib\site-packages\flask\templating.py", line 150, in render_template
    template = app.jinja_env.get_or_select_template(template_name_or_list)
  File "C:\Users\DESKTOP\sstpgr\.venv\Lib\site-packages\jinja2\environment.py", line 1087, in get_or_select_template
    return self.get_template(template_name_or_list, parent, globals)
           ~~~~~~~~~~~~~~~~~^^^^^^^^^^^^^^^^^^^^^^^^^^^^^^^^^^^^^^^^
  File "C:\Users\DESKTOP\sstpgr\.venv\Lib\site-packages\jinja2\environment.py", line 1016, in get_template
    return self._load_template(name, globals)
           ~~~~~~~~~~~~~~~~~~~^^^^^^^^^^^^^^^
  File "C:\Users\DESKTOP\sstpgr\.venv\Lib\site-packages\jinja2\environment.py", line 975, in _load_template
    template = self.loader.load(self, name, self.make_globals(globals))
  File "C:\Users\DESKTOP\sstpgr\.venv\Lib\site-packages\jinja2\loaders.py", line 126, in load
    source, filename, uptodate = self.get_source(environment, name)
                                 ~~~~~~~~~~~~~~~^^^^^^^^^^^^^^^^^^^
  File "C:\Users\DESKTOP\sstpgr\.venv\Lib\site-packages\flask\templating.py", line 66, in get_source
    return self._get_source_fast(environment, template)
           ~~~~~~~~~~~~~~~~~~~~~^^^^^^^^^^^^^^^^^^^^^^^
  File "C:\Users\DESKTOP\sstpgr\.venv\Lib\site-packages\flask\templating.py", line 100, in _get_source_fast
    raise TemplateNotFound(template)
jinja2.exceptions.TemplateNotFound: pgr_simples.html
2026-04-17 - 'NotImplementedType' object is not iterable
Traceback (most recent call last):
  File "C:\Users\DESKTOP\sstpgr\main.py", line 4978, in gerar_pgr_pdf_empresa
    pisa.CreatePDF(html, dest=pdf_buffer)
    ~~~~~~~~~~~~~~^^^^^^^^^^^^^^^^^^^^^^^
  File "C:\Users\DESKTOP\sstpgr\.venv\Lib\site-packages\xhtml2pdf\document.py", line 139, in pisaDocument
    context = pisaStory(
        src,
    ...<7 lines>...
        xml_output=xml_output,
    )
  File "C:\Users\DESKTOP\sstpgr\.venv\Lib\site-packages\xhtml2pdf\document.py", line 75, in pisaStory
    pisaParser(src, context, default_css, xhtml, encoding, xml_output)
    ~~~~~~~~~~^^^^^^^^^^^^^^^^^^^^^^^^^^^^^^^^^^^^^^^^^^^^^^^^^^^^^^^^
  File "C:\Users\DESKTOP\sstpgr\.venv\Lib\site-packages\xhtml2pdf\parser.py", line 823, in pisaParser
    context.parseCSS()
    ~~~~~~~~~~~~~~~~^^
  File "C:\Users\DESKTOP\sstpgr\.venv\Lib\site-packages\xhtml2pdf\context.py", line 690, in parseCSS
    self.css = self.cssParser.parse(self.cssText)
               ~~~~~~~~~~~~~~~~~~~~^^^^^^^^^^^^^^
  File "C:\Users\DESKTOP\sstpgr\.venv\Lib\site-packages\xhtml2pdf\w3c\cssParser.py", line 458, in parse
    src, stylesheet = self._parseStylesheet(src)
                      ~~~~~~~~~~~~~~~~~~~~~^^^^^
  File "C:\Users\DESKTOP\sstpgr\.venv\Lib\site-packages\xhtml2pdf\w3c\cssParser.py", line 561, in _parseStylesheet
    src, atResults = self._parseAtKeyword(src)
                     ~~~~~~~~~~~~~~~~~~~~^^^^^
  File "C:\Users\DESKTOP\sstpgr\.venv\Lib\site-packages\xhtml2pdf\w3c\cssParser.py", line 683, in _parseAtKeyword
    src, result = self._parseAtPage(src)
                  ~~~~~~~~~~~~~~~~~^^^^^
  File "C:\Users\DESKTOP\sstpgr\.venv\Lib\site-packages\xhtml2pdf\w3c\cssParser.py", line 793, in _parseAtPage
    stylesheetElements.extend(atResults)
    ~~~~~~~~~~~~~~~~~~~~~~~~~^^^^^^^^^^^
TypeError: 'NotImplementedType' object is not iterable
2026-04-17 - 'NotImplementedType' object is not iterable
Traceback (most recent call last):
  File "C:\Users\DESKTOP\sstpgr\main.py", line 4994, in gerar_pgr_pdf_empresa
    pisa.CreatePDF(html, dest=pdf_buffer)
    ~~~~~~~~~~~~~~^^^^^^^^^^^^^^^^^^^^^^^
  File "C:\Users\DESKTOP\sstpgr\.venv\Lib\site-packages\xhtml2pdf\document.py", line 139, in pisaDocument
    context = pisaStory(
        src,
    ...<7 lines>...
        xml_output=xml_output,
    )
  File "C:\Users\DESKTOP\sstpgr\.venv\Lib\site-packages\xhtml2pdf\document.py", line 75, in pisaStory
    pisaParser(src, context, default_css, xhtml, encoding, xml_output)
    ~~~~~~~~~~^^^^^^^^^^^^^^^^^^^^^^^^^^^^^^^^^^^^^^^^^^^^^^^^^^^^^^^^
  File "C:\Users\DESKTOP\sstpgr\.venv\Lib\site-packages\xhtml2pdf\parser.py", line 823, in pisaParser
    context.parseCSS()
    ~~~~~~~~~~~~~~~~^^
  File "C:\Users\DESKTOP\sstpgr\.venv\Lib\site-packages\xhtml2pdf\context.py", line 690, in parseCSS
    self.css = self.cssParser.parse(self.cssText)
               ~~~~~~~~~~~~~~~~~~~~^^^^^^^^^^^^^^
  File "C:\Users\DESKTOP\sstpgr\.venv\Lib\site-packages\xhtml2pdf\w3c\cssParser.py", line 458, in parse
    src, stylesheet = self._parseStylesheet(src)
                      ~~~~~~~~~~~~~~~~~~~~~^^^^^
  File "C:\Users\DESKTOP\sstpgr\.venv\Lib\site-packages\xhtml2pdf\w3c\cssParser.py", line 561, in _parseStylesheet
    src, atResults = self._parseAtKeyword(src)
                     ~~~~~~~~~~~~~~~~~~~~^^^^^
  File "C:\Users\DESKTOP\sstpgr\.venv\Lib\site-packages\xhtml2pdf\w3c\cssParser.py", line 683, in _parseAtKeyword
    src, result = self._parseAtPage(src)
                  ~~~~~~~~~~~~~~~~~^^^^^
  File "C:\Users\DESKTOP\sstpgr\.venv\Lib\site-packages\xhtml2pdf\w3c\cssParser.py", line 793, in _parseAtPage
    stylesheetElements.extend(atResults)
    ~~~~~~~~~~~~~~~~~~~~~~~~~^^^^^^^^^^^
TypeError: 'NotImplementedType' object is not iterable
2026-04-17 - 'NotImplementedType' object is not iterable
Traceback (most recent call last):
  File "C:\Users\DESKTOP\sstpgr\main.py", line 5004, in gerar_pgr_pdf_empresa
    pisa.CreatePDF(html, dest=pdf_buffer)
    ~~~~~~~~~~~~~~^^^^^^^^^^^^^^^^^^^^^^^
  File "C:\Users\DESKTOP\sstpgr\.venv\Lib\site-packages\xhtml2pdf\document.py", line 139, in pisaDocument
    context = pisaStory(
        src,
    ...<7 lines>...
        xml_output=xml_output,
    )
  File "C:\Users\DESKTOP\sstpgr\.venv\Lib\site-packages\xhtml2pdf\document.py", line 75, in pisaStory
    pisaParser(src, context, default_css, xhtml, encoding, xml_output)
    ~~~~~~~~~~^^^^^^^^^^^^^^^^^^^^^^^^^^^^^^^^^^^^^^^^^^^^^^^^^^^^^^^^
  File "C:\Users\DESKTOP\sstpgr\.venv\Lib\site-packages\xhtml2pdf\parser.py", line 823, in pisaParser
    context.parseCSS()
    ~~~~~~~~~~~~~~~~^^
  File "C:\Users\DESKTOP\sstpgr\.venv\Lib\site-packages\xhtml2pdf\context.py", line 690, in parseCSS
    self.css = self.cssParser.parse(self.cssText)
               ~~~~~~~~~~~~~~~~~~~~^^^^^^^^^^^^^^
  File "C:\Users\DESKTOP\sstpgr\.venv\Lib\site-packages\xhtml2pdf\w3c\cssParser.py", line 458, in parse
    src, stylesheet = self._parseStylesheet(src)
                      ~~~~~~~~~~~~~~~~~~~~~^^^^^
  File "C:\Users\DESKTOP\sstpgr\.venv\Lib\site-packages\xhtml2pdf\w3c\cssParser.py", line 561, in _parseStylesheet
    src, atResults = self._parseAtKeyword(src)
                     ~~~~~~~~~~~~~~~~~~~~^^^^^
  File "C:\Users\DESKTOP\sstpgr\.venv\Lib\site-packages\xhtml2pdf\w3c\cssParser.py", line 683, in _parseAtKeyword
    src, result = self._parseAtPage(src)
                  ~~~~~~~~~~~~~~~~~^^^^^
  File "C:\Users\DESKTOP\sstpgr\.venv\Lib\site-packages\xhtml2pdf\w3c\cssParser.py", line 793, in _parseAtPage
    stylesheetElements.extend(atResults)
    ~~~~~~~~~~~~~~~~~~~~~~~~~^^^^^^^^^^^
TypeError: 'NotImplementedType' object is not iterable
2026-04-17 - 'NotImplementedType' object is not iterable
Traceback (most recent call last):
  File "C:\Users\DESKTOP\sstpgr\main.py", line 5004, in gerar_pgr_pdf_empresa
    pisa.CreatePDF(html, dest=pdf_buffer)
    ~~~~~~~~~~~~~~^^^^^^^^^^^^^^^^^^^^^^^
  File "C:\Users\DESKTOP\sstpgr\.venv\Lib\site-packages\xhtml2pdf\document.py", line 139, in pisaDocument
    context = pisaStory(
        src,
    ...<7 lines>...
        xml_output=xml_output,
    )
  File "C:\Users\DESKTOP\sstpgr\.venv\Lib\site-packages\xhtml2pdf\document.py", line 75, in pisaStory
    pisaParser(src, context, default_css, xhtml, encoding, xml_output)
    ~~~~~~~~~~^^^^^^^^^^^^^^^^^^^^^^^^^^^^^^^^^^^^^^^^^^^^^^^^^^^^^^^^
  File "C:\Users\DESKTOP\sstpgr\.venv\Lib\site-packages\xhtml2pdf\parser.py", line 823, in pisaParser
    context.parseCSS()
    ~~~~~~~~~~~~~~~~^^
  File "C:\Users\DESKTOP\sstpgr\.venv\Lib\site-packages\xhtml2pdf\context.py", line 690, in parseCSS
    self.css = self.cssParser.parse(self.cssText)
               ~~~~~~~~~~~~~~~~~~~~^^^^^^^^^^^^^^
  File "C:\Users\DESKTOP\sstpgr\.venv\Lib\site-packages\xhtml2pdf\w3c\cssParser.py", line 458, in parse
    src, stylesheet = self._parseStylesheet(src)
                      ~~~~~~~~~~~~~~~~~~~~~^^^^^
  File "C:\Users\DESKTOP\sstpgr\.venv\Lib\site-packages\xhtml2pdf\w3c\cssParser.py", line 561, in _parseStylesheet
    src, atResults = self._parseAtKeyword(src)
                     ~~~~~~~~~~~~~~~~~~~~^^^^^
  File "C:\Users\DESKTOP\sstpgr\.venv\Lib\site-packages\xhtml2pdf\w3c\cssParser.py", line 683, in _parseAtKeyword
    src, result = self._parseAtPage(src)
                  ~~~~~~~~~~~~~~~~~^^^^^
  File "C:\Users\DESKTOP\sstpgr\.venv\Lib\site-packages\xhtml2pdf\w3c\cssParser.py", line 793, in _parseAtPage
    stylesheetElements.extend(atResults)
    ~~~~~~~~~~~~~~~~~~~~~~~~~^^^^^^^^^^^
TypeError: 'NotImplementedType' object is not iterable
